<?xml version="1.0" encoding="UTF-8"?>
<testng-results ignored="0" total="2" passed="1" failed="1" skipped="0">
  <reporter-output>
  </reporter-output>
  <suite started-at="2023-12-26T12:19:23 EET" name="Default suite" finished-at="2023-12-26T12:20:21 EET" duration-ms="58576">
    <groups>
    </groups>
    <test started-at="2023-12-26T12:19:23 EET" name="Default test" finished-at="2023-12-26T12:20:21 EET" duration-ms="58576">
      <class name="magentoWeb.TestCases">
        <test-method is-config="true" signature="SetUp()[pri:0, instance:magentoWeb.TestCases@3f446bef]" started-at="2023-12-26T12:19:23 EET" name="SetUp" finished-at="2023-12-26T12:19:27 EET" duration-ms="4235" status="PASS">
          <reporter-output>
          </reporter-output>
        </test-method> <!-- SetUp -->
        <test-method signature="MyTest()[pri:1, instance:magentoWeb.TestCases@3f446bef]" started-at="2023-12-26T12:19:27 EET" name="MyTest" finished-at="2023-12-26T12:20:10 EET" duration-ms="43225" status="PASS">
          <reporter-output>
          </reporter-output>
        </test-method> <!-- MyTest -->
        <test-method signature="LoginTest()[pri:2, instance:magentoWeb.TestCases@3f446bef]" started-at="2023-12-26T12:20:10 EET" name="LoginTest" finished-at="2023-12-26T12:20:21 EET" duration-ms="11078" status="FAIL">
          <exception class="java.lang.AssertionError">
            <message>
              <![CDATA[this is to test the langauge expected [Welcome back[Ljava.lang.String;@5bb3d42d] but found [Welcome back Ahmad]]]>
            </message>
            <full-stacktrace>
              <![CDATA[java.lang.AssertionError: this is to test the langauge expected [Welcome back[Ljava.lang.String;@5bb3d42d] but found [Welcome back Ahmad]
at org.testng.Assert.fail(Assert.java:99)
at org.testng.Assert.failNotEquals(Assert.java:1037)
at org.testng.Assert.assertEqualsImpl(Assert.java:140)
at org.testng.Assert.assertEquals(Assert.java:122)
at org.testng.Assert.assertEquals(Assert.java:629)
at magentoWeb.TestCases.LoginTest(TestCases.java:162)
at java.base/jdk.internal.reflect.NativeMethodAccessorImpl.invoke0(Native Method)
at java.base/jdk.internal.reflect.NativeMethodAccessorImpl.invoke(NativeMethodAccessorImpl.java:77)
at java.base/jdk.internal.reflect.DelegatingMethodAccessorImpl.invoke(DelegatingMethodAccessorImpl.java:43)
at java.base/java.lang.reflect.Method.invoke(Method.java:568)
at org.testng.internal.MethodInvocationHelper.invokeMethod(MethodInvocationHelper.java:133)
at org.testng.internal.TestInvoker.invokeMethod(TestInvoker.java:598)
at org.testng.internal.TestInvoker.invokeTestMethod(TestInvoker.java:173)
at org.testng.internal.MethodRunner.runInSequence(MethodRunner.java:46)
at org.testng.internal.TestInvoker$MethodInvocationAgent.invoke(TestInvoker.java:824)
at org.testng.internal.TestInvoker.invokeTestMethods(TestInvoker.java:146)
at org.testng.internal.TestMethodWorker.invokeTestMethods(TestMethodWorker.java:146)
at org.testng.internal.TestMethodWorker.run(TestMethodWorker.java:128)
at java.base/java.util.ArrayList.forEach(ArrayList.java:1511)
at org.testng.TestRunner.privateRun(TestRunner.java:794)
at org.testng.TestRunner.run(TestRunner.java:596)
at org.testng.SuiteRunner.runTest(SuiteRunner.java:377)
at org.testng.SuiteRunner.runSequentially(SuiteRunner.java:371)
at org.testng.SuiteRunner.privateRun(SuiteRunner.java:332)
at org.testng.SuiteRunner.run(SuiteRunner.java:276)
at org.testng.SuiteRunnerWorker.runSuite(SuiteRunnerWorker.java:53)
at org.testng.SuiteRunnerWorker.run(SuiteRunnerWorker.java:96)
at org.testng.TestNG.runSuitesSequentially(TestNG.java:1212)
at org.testng.TestNG.runSuitesLocally(TestNG.java:1134)
at org.testng.TestNG.runSuites(TestNG.java:1063)
at org.testng.TestNG.run(TestNG.java:1031)
at org.testng.remote.AbstractRemoteTestNG.run(AbstractRemoteTestNG.java:115)
at org.testng.remote.RemoteTestNG.initAndRun(RemoteTestNG.java:251)
at org.testng.remote.RemoteTestNG.main(RemoteTestNG.java:77)
]]>
            </full-stacktrace>
          </exception> <!-- java.lang.AssertionError -->
          <reporter-output>
          </reporter-output>
        </test-method> <!-- LoginTest -->
        <test-method is-config="true" signature="MyAfterTest()[pri:0, instance:magentoWeb.TestCases@3f446bef]" started-at="2023-12-26T12:20:21 EET" name="MyAfterTest" finished-at="2023-12-26T12:20:21 EET" duration-ms="1" status="PASS">
          <reporter-output>
          </reporter-output>
        </test-method> <!-- MyAfterTest -->
      </class> <!-- magentoWeb.TestCases -->
    </test> <!-- Default test -->
  </suite> <!-- Default suite -->
</testng-results>
